<?xml version="1.0" encoding="UTF-8"?>
<testsuite xmlns:xsi="http://www.w3.org/2001/XMLSchema-instance" xsi:noNamespaceSchemaLocation="https://maven.apache.org/surefire/maven-surefire-plugin/xsd/surefire-test-report-3.0.xsd" version="3.0" name="TestMain" time="24.165" tests="5" errors="0" skipped="0" failures="0">
  <properties>
[...]
</properties>
  <testcase name="Kotusz{String}[1]" classname="TestMain" time="6.529"/>
  <testcase name="SeleniumWeb{String}[1]" classname="TestMain" time="3.312"/>
  <testcase name="SiiPortal{String}[1]" classname="TestMain" time="4.575"/>
  <testcase name="Onet{String}[1]" classname="TestMain" time="4.624"/>
  <testcase name="FilmWeb{String}[1]" classname="TestMain" time="4.258"/>
</testsuite>