-------------------------------------------------------------------------------
Test set: TestMain
-------------------------------------------------------------------------------
Tests run: 3, Failures: 1, Errors: 0, Skipped: 0, Time elapsed: 12.368 s <<< FAILURE! - in TestMain
FilmWeb{String}[1]  Time elapsed: 0.806 s  <<< FAILURE!
java.lang.AssertionError: 

Expected: ""
     but: was "Filmweb - filmy takie jak Ty!"
	at TestMain.FilmWeb(TestMain.java:66)

